# JRE version: OpenJDK Runtime Environment Microsoft-40648 (11.0.16.1+1) (build 11.0.16.1+1-LTS)
# Java VM: OpenJDK 64-Bit Server VM Microsoft-40648 (11.0.16.1+1-LTS, mixed mode, tiered, compressed oops, g1 gc, windows-amd64)
Heap:
 garbage-first heap   total 262144K, used 156084K [0x00000000e0000000, 0x0000000100000000)
  region size 1024K, 20 young (20480K), 2 survivors (2048K)
 Metaspace       used 121048K, capacity 126308K, committed 157980K, reserved 391168K
  class space    used 14634K, capacity 16532K, committed 20940K, reserved 253952K
GC Heap History (20 events):
Event: 965.319 GC heap before
{Heap before GC invocations=86 (full 0):
 garbage-first heap   total 262144K, used 189970K [0x00000000e0000000, 0x0000000100000000)
  region size 1024K, 12 young (12288K), 3 survivors (3072K)
 Metaspace       used 119830K, capacity 124883K, committed 157980K, reserved 391168K
  class space    used 14563K, capacity 16422K, committed 20940K, reserved 253952K
}
Event: 965.325 GC heap after
{Heap after GC invocations=87 (full 0):
 garbage-first heap   total 262144K, used 159594K [0x00000000e0000000, 0x0000000100000000)
  region size 1024K, 2 young (2048K), 2 survivors (2048K)
 Metaspace       used 119830K, capacity 124883K, committed 157980K, reserved 391168K
  class space    used 14563K, capacity 16422K, committed 20940K, reserved 253952K
}
Event: 965.355 GC heap before
{Heap before GC invocations=87 (full 0):
 garbage-first heap   total 262144K, used 169834K [0x00000000e0000000, 0x0000000100000000)
  region size 1024K, 12 young (12288K), 2 survivors (2048K)
 Metaspace       used 119846K, capacity 124885K, committed 157980K, reserved 391168K
  class space    used 14563K, capacity 16422K, committed 20940K, reserved 253952K
}
Event: 965.363 GC heap after
{Heap after GC invocations=88 (full 0):
 garbage-first heap   total 262144K, used 143119K [0x00000000e0000000, 0x0000000100000000)
  region size 1024K, 2 young (2048K), 2 survivors (2048K)
 Metaspace       used 119846K, capacity 124885K, committed 157980K, reserved 391168K
  class space    used 14563K, capacity 16422K, committed 20940K, reserved 253952K
}
Event: 965.375 GC heap before
{Heap before GC invocations=88 (full 0):
 garbage-first heap   total 262144K, used 153359K [0x00000000e0000000, 0x0000000100000000)
  region size 1024K, 12 young (12288K), 2 survivors (2048K)
 Metaspace       used 119846K, capacity 124885K, committed 157980K, reserved 391168K
  class space    used 14563K, capacity 16422K, committed 20940K, reserved 253952K
}
Event: 965.381 GC heap after
{Heap after GC invocations=89 (full 0):
 garbage-first heap   total 262144K, used 140748K [0x00000000e0000000, 0x0000000100000000)
  region size 1024K, 1 young (1024K), 1 survivors (1024K)
 Metaspace       used 119846K, capacity 124885K, committed 157980K, reserved 391168K
  class space    used 14563K, capacity 16422K, committed 20940K, reserved 253952K
}
Event: 966.381 GC heap before
{Heap before GC invocations=89 (full 0):
 garbage-first heap   total 262144K, used 203212K [0x00000000e0000000, 0x0000000100000000)
  region size 1024K, 62 young (63488K), 1 survivors (1024K)
 Metaspace       used 120364K, capacity 125572K, committed 157980K, reserved 391168K
  class space    used 14608K, capacity 16498K, committed 20940K, reserved 253952K
}
Event: 966.384 GC heap after
{Heap after GC invocations=90 (full 0):
 garbage-first heap   total 262144K, used 145724K [0x00000000e0000000, 0x0000000100000000)
  region size 1024K, 5 young (5120K), 5 survivors (5120K)
 Metaspace       used 120364K, capacity 125572K, committed 157980K, reserved 391168K
  class space    used 14608K, capacity 16498K, committed 20940K, reserved 253952K
}
Event: 1424.826 GC heap before
{Heap before GC invocations=90 (full 0):
 garbage-first heap   total 262144K, used 207164K [0x00000000e0000000, 0x0000000100000000)
  region size 1024K, 66 young (67584K), 5 survivors (5120K)
 Metaspace       used 120811K, capacity 126153K, committed 157980K, reserved 391168K
  class space    used 14669K, capacity 16603K, committed 20940K, reserved 253952K
}
Event: 1424.831 GC heap after
{Heap after GC invocations=91 (full 0):
 garbage-first heap   total 262144K, used 151215K [0x00000000e0000000, 0x0000000100000000)
  region size 1024K, 9 young (9216K), 9 survivors (9216K)
 Metaspace       used 120811K, capacity 126153K, committed 157980K, reserved 391168K
  class space    used 14669K, capacity 16603K, committed 20940K, reserved 253952K
}
Event: 1426.344 GC heap before
{Heap before GC invocations=91 (full 0):
 garbage-first heap   total 262144K, used 210607K [0x00000000e0000000, 0x0000000100000000)
  region size 1024K, 67 young (68608K), 9 survivors (9216K)
 Metaspace       used 120935K, capacity 126411K, committed 157980K, reserved 391168K
  class space    used 14673K, capacity 16612K, committed 20940K, reserved 253952K
}
Event: 1426.352 GC heap after
{Heap after GC invocations=92 (full 0):
 garbage-first heap   total 262144K, used 158918K [0x00000000e0000000, 0x0000000100000000)
  region size 1024K, 8 young (8192K), 8 survivors (8192K)
 Metaspace       used 120935K, capacity 126411K, committed 157980K, reserved 391168K
  class space    used 14673K, capacity 16612K, committed 20940K, reserved 253952K
}
Event: 1435.302 GC heap before
{Heap before GC invocations=92 (full 0):
 garbage-first heap   total 262144K, used 212166K [0x00000000e0000000, 0x0000000100000000)
  region size 1024K, 61 young (62464K), 8 survivors (8192K)
 Metaspace       used 121092K, capacity 126533K, committed 157980K, reserved 391168K
  class space    used 14682K, capacity 16623K, committed 20940K, reserved 253952K
}
Event: 1435.307 GC heap after
{Heap after GC invocations=93 (full 0):
 garbage-first heap   total 262144K, used 156560K [0x00000000e0000000, 0x0000000100000000)
  region size 1024K, 5 young (5120K), 5 survivors (5120K)
 Metaspace       used 121092K, capacity 126533K, committed 157980K, reserved 391168K
  class space    used 14682K, capacity 16623K, committed 20940K, reserved 253952K
}
Event: 1436.382 GC heap before
{Heap before GC invocations=94 (full 0):
 garbage-first heap   total 262144K, used 211856K [0x00000000e0000000, 0x0000000100000000)
  region size 1024K, 61 young (62464K), 5 survivors (5120K)
 Metaspace       used 120942K, capacity 126199K, committed 157980K, reserved 391168K
  class space    used 14626K, capacity 16522K, committed 20940K, reserved 253952K
}
Event: 1436.386 GC heap after
{Heap after GC invocations=95 (full 0):
 garbage-first heap   total 262144K, used 156082K [0x00000000e0000000, 0x0000000100000000)
  region size 1024K, 5 young (5120K), 5 survivors (5120K)
 Metaspace       used 120942K, capacity 126199K, committed 157980K, reserved 391168K
  class space    used 14626K, capacity 16522K, committed 20940K, reserved 253952K
}
Event: 1436.561 GC heap before
{Heap before GC invocations=95 (full 0):
 garbage-first heap   total 262144K, used 163250K [0x00000000e0000000, 0x0000000100000000)
  region size 1024K, 12 young (12288K), 5 survivors (5120K)
 Metaspace       used 120982K, capacity 126265K, committed 157980K, reserved 391168K
  class space    used 14626K, capacity 16522K, committed 20940K, reserved 253952K
}
Event: 1436.569 GC heap after
{Heap after GC invocations=96 (full 0):
 garbage-first heap   total 262144K, used 139131K [0x00000000e0000000, 0x0000000100000000)
  region size 1024K, 2 young (2048K), 2 survivors (2048K)
 Metaspace       used 120982K, capacity 126265K, committed 157980K, reserved 391168K
  class space    used 14626K, capacity 16522K, committed 20940K, reserved 253952K
}
Event: 1436.989 GC heap before
{Heap before GC invocations=96 (full 0):
 garbage-first heap   total 262144K, used 148347K [0x00000000e0000000, 0x0000000100000000)
  region size 1024K, 12 young (12288K), 2 survivors (2048K)
 Metaspace       used 120991K, capacity 126266K, committed 157980K, reserved 391168K
  class space    used 14626K, capacity 16522K, committed 20940K, reserved 253952K
}
Event: 1436.995 GC heap after
{Heap after GC invocations=97 (full 0):
 garbage-first heap   total 262144K, used 139700K [0x00000000e0000000, 0x0000000100000000)
  region size 1024K, 2 young (2048K), 2 survivors (2048K)
 Metaspace       used 120991K, capacity 126266K, committed 157980K, reserved 391168K
  class space    used 14626K, capacity 16522K, committed 20940K, reserved 253952K
}

