# JRE version: OpenJDK Runtime Environment Microsoft-40648 (11.0.16.1+1) (build 11.0.16.1+1-LTS)
# Java VM: OpenJDK 64-Bit Server VM Microsoft-40648 (11.0.16.1+1-LTS, mixed mode, tiered, compressed oops, g1 gc, windows-amd64)
Heap:
 garbage-first heap   total 262144K, used 96070K [0x00000000e0000000, 0x0000000100000000)
  region size 1024K, 79 young (80896K), 2 survivors (2048K)
 Metaspace       used 31957K, capacity 32749K, committed 32816K, reserved 282624K
  class space    used 4166K, capacity 4447K, committed 4480K, reserved 253952K
GC Heap History (6 events):
Event: 0.413 GC heap before
{Heap before GC invocations=0 (full 0):
 garbage-first heap   total 262144K, used 29696K [0x00000000e0000000, 0x0000000100000000)
  region size 1024K, 24 young (24576K), 0 survivors (0K)
 Metaspace       used 10181K, capacity 10482K, committed 10624K, reserved 264192K
  class space    used 1041K, capacity 1138K, committed 1152K, reserved 253952K
}
Event: 0.416 GC heap after
{Heap after GC invocations=1 (full 0):
 garbage-first heap   total 262144K, used 9872K [0x00000000e0000000, 0x0000000100000000)
  region size 1024K, 3 young (3072K), 3 survivors (3072K)
 Metaspace       used 10181K, capacity 10482K, committed 10624K, reserved 264192K
  class space    used 1041K, capacity 1138K, committed 1152K, reserved 253952K
}
Event: 1.700 GC heap before
{Heap before GC invocations=1 (full 0):
 garbage-first heap   total 262144K, used 103056K [0x00000000e0000000, 0x0000000100000000)
  region size 1024K, 94 young (96256K), 3 survivors (3072K)
 Metaspace       used 20706K, capacity 21175K, committed 21296K, reserved 274432K
  class space    used 2497K, capacity 2667K, committed 2688K, reserved 253952K
}
Event: 1.706 GC heap after
{Heap after GC invocations=2 (full 0):
 garbage-first heap   total 262144K, used 16898K [0x00000000e0000000, 0x0000000100000000)
  region size 1024K, 10 young (10240K), 10 survivors (10240K)
 Metaspace       used 20706K, capacity 21175K, committed 21296K, reserved 274432K
  class space    used 2497K, capacity 2667K, committed 2688K, reserved 253952K
}
Event: 1.881 GC heap before
{Heap before GC invocations=3 (full 0):
 garbage-first heap   total 262144K, used 45570K [0x00000000e0000000, 0x0000000100000000)
  region size 1024K, 39 young (39936K), 10 survivors (10240K)
 Metaspace       used 23688K, capacity 24263K, committed 24368K, reserved 276480K
  class space    used 2931K, capacity 3121K, committed 3200K, reserved 253952K
}
Event: 1.886 GC heap after
{Heap after GC invocations=4 (full 0):
 garbage-first heap   total 262144K, used 18246K [0x00000000e0000000, 0x0000000100000000)
  region size 1024K, 2 young (2048K), 2 survivors (2048K)
 Metaspace       used 23688K, capacity 24263K, committed 24368K, reserved 276480K
  class space    used 2931K, capacity 3121K, committed 3200K, reserved 253952K
}

